<?xml version="1.0" encoding="UTF-8"?>
<testsuite name="ListingDataTest" tests="1" skipped="0" failures="0" errors="0" timestamp="2021-08-02T15:14:33" hostname="LAPTOP-0VTJOVSC" time="5.869">
  <properties/>
  <testcase name="usingPrivacyShouldPass()" classname="ListingDataTest" time="5.869"/>
  <system-out><![CDATA[Apple Cinema 30"
The 30-inch Apple Cinema HD Display delivers an amazing 2560 x 1600 pixel resolution. Designed speci..
$110.00 $122.00
Ex Tax: $90.00
ADD TO CART
Canon EOS 5D
Canon's press material for the EOS 5D states that it 'defines (a) new D-SLR category', while we're n..
$98.00 $122.00
Ex Tax: $80.00
ADD TO CART
HP LP3065
Stop your co-workers in their tracks with the stunning new 30-inch diagonal HP LP3065 Flat Panel Mon..
$122.00
Ex Tax: $100.00
ADD TO CART
HTC Touch HD
HTC Touch - in High Definition. Watch music videos and streaming content in awe-inspiring high defin..
$122.00
Ex Tax: $100.00
ADD TO CART
iPhone
iPhone is a revolutionary new mobile phone that allows you to make a call by simply tapping a name o..
$123.20
Ex Tax: $101.00
ADD TO CART
iPod Classic
More room to move. With 80GB or 160GB of storage and up to 40 hours of battery life, the new..
$122.00
Ex Tax: $100.00
ADD TO CART
MacBook
Intel Core 2 Duo processor Powered by an Intel Core 2 Duo processor at speeds up to 2.16GHz, t..
$602.00
Ex Tax: $500.00
ADD TO CART
MacBook Air
MacBook Air is ultrathin, ultraportable, and ultra unlike anything else. But you don’t lose in..
$1,202.00
Ex Tax: $1,000.00
ADD TO CART
Palm Treo Pro
Redefine your workday with the Palm Treo Pro smartphone. Perfectly balanced, you can respond to busi..
$337.99
Ex Tax: $279.99
ADD TO CART
Product 8
Product 8..
$122.00
Ex Tax: $100.00
ADD TO CART
Samsung SyncMaster 941BW
Imagine the advantages of going big without slowing down. The big 19" 941BW monitor combines wi..
$242.00
Ex Tax: $200.00
ADD TO CART
Sony VAIO
Unprecedented power. The next generation of processing technology has arrived. Built into the newest..
$1,202.00
Ex Tax: $1,000.00
ADD TO CART
]]></system-out>
  <system-err><![CDATA[Starting ChromeDriver 92.0.4515.107 (87a818b10553a07434ea9e2b6dccf3cbe7895134-refs/branch-heads/4515@{#1634}) on port 28789
Only local connections are allowed.
Please see https://chromedriver.chromium.org/security-considerations for suggestions on keeping ChromeDriver safe.
ChromeDriver was started successfully.
Aug 02, 2021 5:14:35 PM org.openqa.selenium.remote.ProtocolHandshake createSession
INFO: Detected dialect: W3C
]]></system-err>
</testsuite>
